<?xml version="1.0" encoding="UTF-8"?>
<!-- Generated by org.testng.reporters.JUnitReportReporter -->
<testsuite hostname="DESKTOP-L6MSIP1" failures="0" tests="7" name="Runner_Files.Signup_positive_scenarios_runner" time="74.257" errors="2" timestamp="2021-06-10T11:37:28 IST" skipped="0">
  <testcase classname="Runner_Files.Signup_positive_scenarios_runner" name="runScenario" time="3.715"/>
  <system-out/>
  <testcase classname="Runner_Files.Signup_positive_scenarios_runner" name="runScenario" time="12.392">
    <error type="java.lang.NullPointerException">
      <![CDATA[java.lang.NullPointerException
at Signup_positive_scenarios.Signup_positive_scenarios.signup_positive_tc_006(Signup_positive_scenarios.java:105)
at ✽.User enters valid credentials(file:///C:/Users/Admin/Downloads/Regression_suite-Sprint5-main%20(1)/src/main/java/Signup_positive_scenarios/Signup_positive_scenarios.feature:20)
]]>
    </error>
  </testcase> <!-- runScenario -->
  <system-out/>
  <testcase classname="Runner_Files.Signup_positive_scenarios_runner" name="runScenario" time="24.504">
    <error message="chrome not reachable
  (Session info: MicrosoftEdge=91.0.864.41)
Build info: version: &#039;3.12.0&#039;, revision: &#039;7c6e0b3&#039;, time: &#039;2018-05-08T14:04:26.12Z&#039;
System info: host: &#039;DESKTOP-L6MSIP1&#039;, ip: &#039;192.168.1.3&#039;, os.name: &#039;Windows 10&#039;, os.arch: &#039;amd64&#039;, os.version: &#039;10.0&#039;, java.version: &#039;11.0.2&#039;
Driver info: org.openqa.selenium.edge.EdgeDriver
Capabilities {acceptInsecureCerts: false, browserName: msedge, browserVersion: 91.0.864.41, javascriptEnabled: true, ms:edgeOptions: {debuggerAddress: localhost:49680}, msedge: {msedgedriverVersion: 91.0.864.41 (d07d58a95dc76c..., userDataDir: C:\Users\Admin\AppData\Loca...}, networkConnectionEnabled: false, pageLoadStrategy: normal, platform: WINDOWS, platformName: WINDOWS, proxy: Proxy(), setWindowRect: true, strictFileInteractability: false, timeouts: {implicit: 0, pageLoad: 300000, script: 30000}, unhandledPromptBehavior: dismiss and notify, webauthn:extension:largeBlob: true, webauthn:virtualAuthenticators: true}
Session ID: d54632c37226cafb129413950d02e0bf" type="org.openqa.selenium.WebDriverException">
      <![CDATA[org.openqa.selenium.WebDriverException: chrome not reachable
  (Session info: MicrosoftEdge=91.0.864.41)
Build info: version: '3.12.0', revision: '7c6e0b3', time: '2018-05-08T14:04:26.12Z'
System info: host: 'DESKTOP-L6MSIP1', ip: '192.168.1.3', os.name: 'Windows 10', os.arch: 'amd64', os.version: '10.0', java.version: '11.0.2'
Driver info: org.openqa.selenium.edge.EdgeDriver
Capabilities {acceptInsecureCerts: false, browserName: msedge, browserVersion: 91.0.864.41, javascriptEnabled: true, ms:edgeOptions: {debuggerAddress: localhost:49680}, msedge: {msedgedriverVersion: 91.0.864.41 (d07d58a95dc76c..., userDataDir: C:\Users\Admin\AppData\Loca...}, networkConnectionEnabled: false, pageLoadStrategy: normal, platform: WINDOWS, platformName: WINDOWS, proxy: Proxy(), setWindowRect: true, strictFileInteractability: false, timeouts: {implicit: 0, pageLoad: 300000, script: 30000}, unhandledPromptBehavior: dismiss and notify, webauthn:extension:largeBlob: true, webauthn:virtualAuthenticators: true}
Session ID: d54632c37226cafb129413950d02e0bf
at java.base/jdk.internal.reflect.NativeConstructorAccessorImpl.newInstance0(Native Method)
at java.base/jdk.internal.reflect.NativeConstructorAccessorImpl.newInstance(NativeConstructorAccessorImpl.java:62)
at java.base/jdk.internal.reflect.DelegatingConstructorAccessorImpl.newInstance(DelegatingConstructorAccessorImpl.java:45)
at java.base/java.lang.reflect.Constructor.newInstance(Constructor.java:490)
at org.openqa.selenium.remote.http.W3CHttpResponseCodec.createException(W3CHttpResponseCodec.java:187)
at org.openqa.selenium.remote.http.W3CHttpResponseCodec.decode(W3CHttpResponseCodec.java:122)
at org.openqa.selenium.remote.http.W3CHttpResponseCodec.decode(W3CHttpResponseCodec.java:49)
at org.openqa.selenium.remote.HttpCommandExecutor.execute(HttpCommandExecutor.java:158)
at org.openqa.selenium.remote.service.DriverCommandExecutor.execute(DriverCommandExecutor.java:83)
at org.openqa.selenium.remote.RemoteWebDriver.execute(RemoteWebDriver.java:543)
at org.openqa.selenium.remote.RemoteWebDriver.execute(RemoteWebDriver.java:600)
at org.openqa.selenium.remote.RemoteWebDriver.getScreenshotAs(RemoteWebDriver.java:289)
at Reusable_Functions.Generic_function.takeScreenShot(Generic_function.java:162)
at Signup_positive_scenarios.Signup_positive_scenarios.signup_positive_tc_007(Signup_positive_scenarios.java:124)
at ✽.user enters otp and clicks on verify button and is navigated to the login page(file:///C:/Users/Admin/Downloads/Regression_suite-Sprint5-main%20(1)/src/main/java/Signup_positive_scenarios/Signup_positive_scenarios.feature:23)
]]>
    </error>
  </testcase> <!-- runScenario -->
  <system-out/>
  <testcase classname="Runner_Files.Signup_positive_scenarios_runner" name="runScenario" time="3.744"/>
  <system-out/>
  <testcase classname="Runner_Files.Signup_positive_scenarios_runner" name="runScenario" time="2.319"/>
  <system-out/>
  <testcase classname="Runner_Files.Signup_positive_scenarios_runner" name="runScenario" time="25.390"/>
  <system-out/>
  <testcase classname="Runner_Files.Signup_positive_scenarios_runner" name="runScenario" time="2.193"/>
  <system-out/>
</testsuite> <!-- Runner_Files.Signup_positive_scenarios_runner -->
